2020-11-10 14:09:19 [background-preinit] INFO  org.hibernate.validator.internal.util.Version - HV000001: Hibernate Validator 5.2.4.Final
2020-11-10 14:09:19 [main] INFO  com.pingan.pahm.PahmApplication - Starting PahmApplication on LAPTOP-S1HD2I46 with PID 9612 (E:\workspace\PAHM-Perfomance\target\classes started by linmoo in E:\workspace\PAHM-Perfomance)
2020-11-10 14:09:19 [main] INFO  com.pingan.pahm.PahmApplication - No active profile set, falling back to default profiles: default
2020-11-10 14:09:20 [main] WARN  org.mybatis.spring.mapper.ClassPathMapperScanner - No MyBatis mapper was found in '[com.pingan.pahm]' package. Please check your configuration.
2020-11-10 14:09:20 [main] INFO  o.s.d.r.config.RepositoryConfigurationDelegate - Bootstrapping Spring Data JPA repositories in DEFERRED mode.
2020-11-10 14:09:20 [main] INFO  o.s.d.r.config.RepositoryConfigurationDelegate - Finished Spring Data repository scanning in 6ms. Found 0 JPA repository interfaces.
2020-11-10 14:09:21 [main] INFO  o.s.boot.web.embedded.tomcat.TomcatWebServer - Tomcat initialized with port(s): 9091 (http)
2020-11-10 14:09:21 [main] INFO  org.apache.coyote.http11.Http11NioProtocol - Initializing ProtocolHandler ["http-nio-9091"]
2020-11-10 14:09:21 [main] INFO  org.apache.catalina.core.StandardService - Starting service [Tomcat]
2020-11-10 14:09:21 [main] INFO  org.apache.catalina.core.StandardEngine - Starting Servlet engine: [Apache Tomcat/9.0.37]
2020-11-10 14:09:21 [main] INFO  o.a.c.core.ContainerBase.[Tomcat].[localhost].[/] - Initializing Spring embedded WebApplicationContext
2020-11-10 14:09:21 [main] INFO  o.s.b.w.s.c.ServletWebServerApplicationContext - Root WebApplicationContext: initialization completed in 1647 ms
2020-11-10 14:09:21 [main] WARN  o.s.b.w.s.c.AnnotationConfigServletWebServerApplicationContext - Exception encountered during context initialization - cancelling refresh attempt: org.springframework.beans.factory.UnsatisfiedDependencyException: Error creating bean with name 'org.springframework.boot.autoconfigure.orm.jpa.HibernateJpaConfiguration': Unsatisfied dependency expressed through constructor parameter 0; nested exception is org.springframework.beans.factory.BeanCreationException: Error creating bean with name 'dataSource' defined in class path resource [org/springframework/boot/autoconfigure/jdbc/DataSourceConfiguration$Hikari.class]: Bean instantiation via factory method failed; nested exception is org.springframework.beans.BeanInstantiationException: Failed to instantiate [com.zaxxer.hikari.HikariDataSource]: Factory method 'dataSource' threw exception; nested exception is org.springframework.boot.autoconfigure.jdbc.DataSourceProperties$DataSourceBeanCreationException: Failed to determine a suitable driver class
2020-11-10 14:09:21 [main] INFO  org.apache.catalina.core.StandardService - Stopping service [Tomcat]
2020-11-10 14:09:21 [main] INFO  o.s.b.a.l.ConditionEvaluationReportLoggingListener - 

Error starting ApplicationContext. To display the conditions report re-run your application with 'debug' enabled.
2020-11-10 14:13:16 [background-preinit] INFO  org.hibernate.validator.internal.util.Version - HV000001: Hibernate Validator 5.2.4.Final
2020-11-10 14:13:16 [main] INFO  com.pingan.pahm.PahmApplication - Starting PahmApplication on LAPTOP-S1HD2I46 with PID 7256 (E:\workspace\PAHM-Perfomance\target\classes started by linmoo in E:\workspace\PAHM-Perfomance)
2020-11-10 14:13:16 [main] INFO  com.pingan.pahm.PahmApplication - No active profile set, falling back to default profiles: default
2020-11-10 14:13:16 [main] WARN  org.mybatis.spring.mapper.ClassPathMapperScanner - No MyBatis mapper was found in '[com.pingan.pahm.dao.postgre]' package. Please check your configuration.
2020-11-10 14:13:16 [main] WARN  org.mybatis.spring.mapper.ClassPathMapperScanner - No MyBatis mapper was found in '[com.pingan.pahm]' package. Please check your configuration.
2020-11-10 14:13:16 [main] INFO  o.s.d.r.config.RepositoryConfigurationDelegate - Bootstrapping Spring Data JPA repositories in DEFERRED mode.
2020-11-10 14:13:16 [main] INFO  o.s.d.r.config.RepositoryConfigurationDelegate - Finished Spring Data repository scanning in 6ms. Found 0 JPA repository interfaces.
2020-11-10 14:13:17 [main] INFO  o.s.boot.web.embedded.tomcat.TomcatWebServer - Tomcat initialized with port(s): 9091 (http)
2020-11-10 14:13:17 [main] INFO  org.apache.coyote.http11.Http11NioProtocol - Initializing ProtocolHandler ["http-nio-9091"]
2020-11-10 14:13:17 [main] INFO  org.apache.catalina.core.StandardService - Starting service [Tomcat]
2020-11-10 14:13:17 [main] INFO  org.apache.catalina.core.StandardEngine - Starting Servlet engine: [Apache Tomcat/9.0.37]
2020-11-10 14:13:17 [main] INFO  o.a.c.core.ContainerBase.[Tomcat].[localhost].[/] - Initializing Spring embedded WebApplicationContext
2020-11-10 14:13:17 [main] INFO  o.s.b.w.s.c.ServletWebServerApplicationContext - Root WebApplicationContext: initialization completed in 1138 ms
2020-11-10 14:13:17 [main] WARN  o.s.b.w.s.c.AnnotationConfigServletWebServerApplicationContext - Exception encountered during context initialization - cancelling refresh attempt: org.springframework.beans.factory.UnsatisfiedDependencyException: Error creating bean with name 'org.springframework.boot.autoconfigure.orm.jpa.HibernateJpaConfiguration': Unsatisfied dependency expressed through constructor parameter 0; nested exception is org.springframework.boot.context.properties.ConfigurationPropertiesBindException: Error creating bean with name 'postgreDataSource': Could not bind properties to 'DataSource' : prefix=spring.datasource.postgre, ignoreInvalidFields=false, ignoreUnknownFields=true; nested exception is org.springframework.boot.context.properties.bind.BindException: Failed to bind properties under 'spring.datasource.postgre' to javax.sql.DataSource
2020-11-10 14:13:17 [main] INFO  org.apache.catalina.core.StandardService - Stopping service [Tomcat]
2020-11-10 14:13:17 [main] INFO  o.s.b.a.l.ConditionEvaluationReportLoggingListener - 

Error starting ApplicationContext. To display the conditions report re-run your application with 'debug' enabled.
2020-11-10 14:15:38 [background-preinit] INFO  org.hibernate.validator.internal.util.Version - HV000001: Hibernate Validator 5.2.4.Final
2020-11-10 14:15:38 [main] INFO  com.pingan.pahm.PahmApplication - Starting PahmApplication on LAPTOP-S1HD2I46 with PID 9044 (E:\workspace\PAHM-Perfomance\target\classes started by linmoo in E:\workspace\PAHM-Perfomance)
2020-11-10 14:15:38 [main] INFO  com.pingan.pahm.PahmApplication - No active profile set, falling back to default profiles: default
2020-11-10 14:15:38 [main] WARN  org.mybatis.spring.mapper.ClassPathMapperScanner - No MyBatis mapper was found in '[com.pingan.pahm.dao.postgre]' package. Please check your configuration.
2020-11-10 14:15:38 [main] WARN  org.mybatis.spring.mapper.ClassPathMapperScanner - No MyBatis mapper was found in '[com.pingan.pahm]' package. Please check your configuration.
2020-11-10 14:15:38 [main] INFO  o.s.d.r.config.RepositoryConfigurationDelegate - Bootstrapping Spring Data JPA repositories in DEFERRED mode.
2020-11-10 14:15:38 [main] INFO  o.s.d.r.config.RepositoryConfigurationDelegate - Finished Spring Data repository scanning in 6ms. Found 0 JPA repository interfaces.
2020-11-10 14:15:39 [main] INFO  o.s.boot.web.embedded.tomcat.TomcatWebServer - Tomcat initialized with port(s): 9091 (http)
2020-11-10 14:15:39 [main] INFO  org.apache.coyote.http11.Http11NioProtocol - Initializing ProtocolHandler ["http-nio-9091"]
2020-11-10 14:15:39 [main] INFO  org.apache.catalina.core.StandardService - Starting service [Tomcat]
2020-11-10 14:15:39 [main] INFO  org.apache.catalina.core.StandardEngine - Starting Servlet engine: [Apache Tomcat/9.0.37]
2020-11-10 14:15:39 [main] INFO  o.a.c.core.ContainerBase.[Tomcat].[localhost].[/] - Initializing Spring embedded WebApplicationContext
2020-11-10 14:15:39 [main] INFO  o.s.b.w.s.c.ServletWebServerApplicationContext - Root WebApplicationContext: initialization completed in 1237 ms
2020-11-10 14:15:39 [main] INFO  o.s.scheduling.concurrent.ThreadPoolTaskExecutor - Initializing ExecutorService 'applicationTaskExecutor'
2020-11-10 14:15:39 [main] INFO  com.zaxxer.hikari.HikariDataSource - HikariPool-1 - Starting...
2020-11-10 14:15:42 [task-1] INFO  org.hibernate.jpa.internal.util.LogHelper - HHH000204: Processing PersistenceUnitInfo [name: default]
2020-11-10 14:15:42 [task-1] INFO  org.hibernate.Version - HHH000412: Hibernate ORM core version 5.4.20.Final
2020-11-10 14:15:42 [main] WARN  o.s.b.a.o.j.JpaBaseConfiguration$JpaWebConfiguration - spring.jpa.open-in-view is enabled by default. Therefore, database queries may be performed during view rendering. Explicitly configure spring.jpa.open-in-view to disable this warning
2020-11-10 14:15:42 [task-1] INFO  org.hibernate.annotations.common.Version - HCANN000001: Hibernate Commons Annotations {5.1.0.Final}
2020-11-10 14:15:42 [task-1] INFO  com.zaxxer.hikari.HikariDataSource - HikariPool-1 - Starting...
2020-11-10 14:15:43 [main] INFO  org.apache.coyote.http11.Http11NioProtocol - Starting ProtocolHandler ["http-nio-9091"]
2020-11-10 14:15:43 [main] INFO  o.s.boot.web.embedded.tomcat.TomcatWebServer - Tomcat started on port(s): 9091 (http) with context path ''
2020-11-10 14:15:43 [main] INFO  o.s.d.r.c.DeferredRepositoryInitializationListener - Triggering deferred initialization of Spring Data repositories…
2020-11-10 14:15:43 [main] INFO  o.s.d.r.c.DeferredRepositoryInitializationListener - Spring Data repositories initialized!
2020-11-10 14:15:43 [main] INFO  com.pingan.pahm.PahmApplication - Started PahmApplication in 5.564 seconds (JVM running for 6.549)
2020-11-10 14:15:45 [task-1] WARN  o.h.e.jdbc.env.internal.JdbcEnvironmentInitiator - HHH000342: Could not obtain connection to query metadata : Connection to localhost:5432 refused. Check that the hostname and port are correct and that the postmaster is accepting TCP/IP connections.
2020-11-10 14:15:45 [task-1] INFO  org.hibernate.dialect.Dialect - HHH000400: Using dialect: org.hibernate.dialect.MySQLDialect
2020-11-10 14:15:46 [task-1] INFO  o.h.e.t.jta.platform.internal.JtaPlatformInitiator - HHH000490: Using JtaPlatform implementation: [org.hibernate.engine.transaction.jta.platform.internal.NoJtaPlatform]
2020-11-10 14:15:46 [task-1] INFO  o.s.orm.jpa.LocalContainerEntityManagerFactoryBean - Initialized JPA EntityManagerFactory for persistence unit 'default'
2020-11-10 14:15:46 [task-2] INFO  com.zaxxer.hikari.HikariDataSource - HikariPool-1 - Starting...
2020-11-10 14:16:17 [background-preinit] INFO  org.hibernate.validator.internal.util.Version - HV000001: Hibernate Validator 5.2.4.Final
2020-11-10 14:16:17 [main] INFO  com.pingan.pahm.PahmApplication - Starting PahmApplication on LAPTOP-S1HD2I46 with PID 17184 (E:\workspace\PAHM-Perfomance\target\classes started by linmoo in E:\workspace\PAHM-Perfomance)
2020-11-10 14:16:17 [main] INFO  com.pingan.pahm.PahmApplication - No active profile set, falling back to default profiles: default
2020-11-10 14:16:18 [main] WARN  org.mybatis.spring.mapper.ClassPathMapperScanner - No MyBatis mapper was found in '[com.pingan.pahm.dao.postgre]' package. Please check your configuration.
2020-11-10 14:16:18 [main] WARN  org.mybatis.spring.mapper.ClassPathMapperScanner - No MyBatis mapper was found in '[com.pingan.pahm]' package. Please check your configuration.
2020-11-10 14:16:18 [main] INFO  o.s.d.r.config.RepositoryConfigurationDelegate - Bootstrapping Spring Data JPA repositories in DEFERRED mode.
2020-11-10 14:16:18 [main] INFO  o.s.d.r.config.RepositoryConfigurationDelegate - Finished Spring Data repository scanning in 7ms. Found 0 JPA repository interfaces.
2020-11-10 14:16:18 [main] INFO  o.s.boot.web.embedded.tomcat.TomcatWebServer - Tomcat initialized with port(s): 9091 (http)
2020-11-10 14:16:18 [main] INFO  org.apache.coyote.http11.Http11NioProtocol - Initializing ProtocolHandler ["http-nio-9091"]
2020-11-10 14:16:19 [main] INFO  org.apache.catalina.core.StandardService - Starting service [Tomcat]
2020-11-10 14:16:19 [main] INFO  org.apache.catalina.core.StandardEngine - Starting Servlet engine: [Apache Tomcat/9.0.37]
2020-11-10 14:16:19 [main] INFO  o.a.c.core.ContainerBase.[Tomcat].[localhost].[/] - Initializing Spring embedded WebApplicationContext
2020-11-10 14:16:19 [main] INFO  o.s.b.w.s.c.ServletWebServerApplicationContext - Root WebApplicationContext: initialization completed in 1308 ms
2020-11-10 14:16:19 [main] INFO  o.s.scheduling.concurrent.ThreadPoolTaskExecutor - Initializing ExecutorService 'applicationTaskExecutor'
2020-11-10 14:16:19 [main] INFO  com.zaxxer.hikari.HikariDataSource - HikariPool-1 - Starting...
2020-11-10 14:18:13 [background-preinit] INFO  org.hibernate.validator.internal.util.Version - HV000001: Hibernate Validator 5.2.4.Final
2020-11-10 14:18:14 [main] INFO  com.pingan.pahm.PahmApplication - Starting PahmApplication on LAPTOP-S1HD2I46 with PID 14836 (E:\workspace\PAHM-Perfomance\target\classes started by linmoo in E:\workspace\PAHM-Perfomance)
2020-11-10 14:18:14 [main] INFO  com.pingan.pahm.PahmApplication - No active profile set, falling back to default profiles: default
2020-11-10 14:18:14 [main] WARN  org.mybatis.spring.mapper.ClassPathMapperScanner - No MyBatis mapper was found in '[com.pingan.pahm.dao.postgre]' package. Please check your configuration.
2020-11-10 14:18:14 [main] WARN  org.mybatis.spring.mapper.ClassPathMapperScanner - No MyBatis mapper was found in '[com.pingan.pahm]' package. Please check your configuration.
2020-11-10 14:18:15 [main] INFO  o.s.d.r.config.RepositoryConfigurationDelegate - Bootstrapping Spring Data JPA repositories in DEFERRED mode.
2020-11-10 14:18:15 [main] INFO  o.s.d.r.config.RepositoryConfigurationDelegate - Finished Spring Data repository scanning in 6ms. Found 0 JPA repository interfaces.
2020-11-10 14:18:15 [main] INFO  o.s.boot.web.embedded.tomcat.TomcatWebServer - Tomcat initialized with port(s): 9091 (http)
2020-11-10 14:18:15 [main] INFO  org.apache.coyote.http11.Http11NioProtocol - Initializing ProtocolHandler ["http-nio-9091"]
2020-11-10 14:18:15 [main] INFO  org.apache.catalina.core.StandardService - Starting service [Tomcat]
2020-11-10 14:18:15 [main] INFO  org.apache.catalina.core.StandardEngine - Starting Servlet engine: [Apache Tomcat/9.0.37]
2020-11-10 14:18:15 [main] INFO  o.a.c.core.ContainerBase.[Tomcat].[localhost].[/] - Initializing Spring embedded WebApplicationContext
2020-11-10 14:18:15 [main] INFO  o.s.b.w.s.c.ServletWebServerApplicationContext - Root WebApplicationContext: initialization completed in 1149 ms
2020-11-10 14:18:15 [main] INFO  o.s.scheduling.concurrent.ThreadPoolTaskExecutor - Initializing ExecutorService 'applicationTaskExecutor'
2020-11-10 14:18:15 [main] INFO  com.zaxxer.hikari.HikariDataSource - HikariPool-1 - Starting...
2020-11-10 14:35:21 [background-preinit] INFO  org.hibernate.validator.internal.util.Version - HV000001: Hibernate Validator 5.2.4.Final
2020-11-10 14:35:21 [main] INFO  com.pingan.pahm.PahmApplication - Starting PahmApplication on LAPTOP-S1HD2I46 with PID 3460 (E:\workspace\PAHM-Perfomance\target\classes started by linmoo in E:\workspace\PAHM-Perfomance)
2020-11-10 14:35:21 [main] INFO  com.pingan.pahm.PahmApplication - No active profile set, falling back to default profiles: default
2020-11-10 14:35:22 [main] INFO  o.s.d.r.config.RepositoryConfigurationDelegate - Bootstrapping Spring Data JPA repositories in DEFERRED mode.
2020-11-10 14:35:22 [main] INFO  o.s.d.r.config.RepositoryConfigurationDelegate - Finished Spring Data repository scanning in 10ms. Found 0 JPA repository interfaces.
2020-11-10 14:35:22 [main] INFO  o.s.boot.web.embedded.tomcat.TomcatWebServer - Tomcat initialized with port(s): 9091 (http)
2020-11-10 14:35:22 [main] INFO  org.apache.coyote.http11.Http11NioProtocol - Initializing ProtocolHandler ["http-nio-9091"]
2020-11-10 14:35:22 [main] INFO  org.apache.catalina.core.StandardService - Starting service [Tomcat]
2020-11-10 14:35:22 [main] INFO  org.apache.catalina.core.StandardEngine - Starting Servlet engine: [Apache Tomcat/9.0.37]
2020-11-10 14:35:22 [main] INFO  o.a.c.core.ContainerBase.[Tomcat].[localhost].[/] - Initializing Spring embedded WebApplicationContext
2020-11-10 14:35:22 [main] INFO  o.s.b.w.s.c.ServletWebServerApplicationContext - Root WebApplicationContext: initialization completed in 1344 ms
2020-11-10 14:35:23 [main] INFO  o.s.scheduling.concurrent.ThreadPoolTaskExecutor - Initializing ExecutorService 'applicationTaskExecutor'
2020-11-10 14:35:23 [main] INFO  com.zaxxer.hikari.HikariDataSource - HikariPool-1 - Starting...
2020-11-10 14:37:13 [background-preinit] INFO  org.hibernate.validator.internal.util.Version - HV000001: Hibernate Validator 5.2.4.Final
2020-11-10 14:37:13 [main] INFO  com.pingan.pahm.PahmApplication - Starting PahmApplication on LAPTOP-S1HD2I46 with PID 9208 (E:\workspace\PAHM-Perfomance\target\classes started by linmoo in E:\workspace\PAHM-Perfomance)
2020-11-10 14:37:13 [main] INFO  com.pingan.pahm.PahmApplication - No active profile set, falling back to default profiles: default
2020-11-10 14:37:14 [main] INFO  o.s.d.r.config.RepositoryConfigurationDelegate - Bootstrapping Spring Data JPA repositories in DEFERRED mode.
2020-11-10 14:37:14 [main] INFO  o.s.d.r.config.RepositoryConfigurationDelegate - Finished Spring Data repository scanning in 12ms. Found 0 JPA repository interfaces.
2020-11-10 14:37:15 [main] INFO  o.s.boot.web.embedded.tomcat.TomcatWebServer - Tomcat initialized with port(s): 9091 (http)
2020-11-10 14:37:15 [main] INFO  org.apache.coyote.http11.Http11NioProtocol - Initializing ProtocolHandler ["http-nio-9091"]
2020-11-10 14:37:15 [main] INFO  org.apache.catalina.core.StandardService - Starting service [Tomcat]
2020-11-10 14:37:15 [main] INFO  org.apache.catalina.core.StandardEngine - Starting Servlet engine: [Apache Tomcat/9.0.37]
2020-11-10 14:37:15 [main] INFO  o.a.c.core.ContainerBase.[Tomcat].[localhost].[/] - Initializing Spring embedded WebApplicationContext
2020-11-10 14:37:15 [main] INFO  o.s.b.w.s.c.ServletWebServerApplicationContext - Root WebApplicationContext: initialization completed in 1336 ms
2020-11-10 14:37:15 [main] INFO  o.s.scheduling.concurrent.ThreadPoolTaskExecutor - Initializing ExecutorService 'applicationTaskExecutor'
2020-11-10 14:37:15 [main] INFO  com.zaxxer.hikari.HikariDataSource - HikariPool-1 - Starting...
2020-11-10 14:37:26 [task-1] INFO  org.hibernate.jpa.internal.util.LogHelper - HHH000204: Processing PersistenceUnitInfo [name: default]
2020-11-10 14:37:26 [task-1] INFO  org.hibernate.Version - HHH000412: Hibernate ORM core version 5.4.20.Final
2020-11-10 14:37:26 [main] WARN  o.s.b.a.o.j.JpaBaseConfiguration$JpaWebConfiguration - spring.jpa.open-in-view is enabled by default. Therefore, database queries may be performed during view rendering. Explicitly configure spring.jpa.open-in-view to disable this warning
2020-11-10 14:37:26 [task-1] INFO  org.hibernate.annotations.common.Version - HCANN000001: Hibernate Commons Annotations {5.1.0.Final}
2020-11-10 14:37:26 [task-1] INFO  com.zaxxer.hikari.HikariDataSource - HikariPool-1 - Starting...
2020-11-10 14:37:27 [main] INFO  org.apache.coyote.http11.Http11NioProtocol - Starting ProtocolHandler ["http-nio-9091"]
2020-11-10 14:37:27 [main] INFO  o.s.boot.web.embedded.tomcat.TomcatWebServer - Tomcat started on port(s): 9091 (http) with context path ''
2020-11-10 14:37:27 [main] INFO  o.s.d.r.c.DeferredRepositoryInitializationListener - Triggering deferred initialization of Spring Data repositories…
2020-11-10 14:37:27 [main] INFO  o.s.d.r.c.DeferredRepositoryInitializationListener - Spring Data repositories initialized!
2020-11-10 14:37:27 [main] INFO  com.pingan.pahm.PahmApplication - Started PahmApplication in 13.582 seconds (JVM running for 14.653)
2020-11-10 14:37:36 [http-nio-9091-exec-1] INFO  o.a.c.core.ContainerBase.[Tomcat].[localhost].[/] - Initializing Spring DispatcherServlet 'dispatcherServlet'
2020-11-10 14:37:36 [http-nio-9091-exec-1] INFO  org.springframework.web.servlet.DispatcherServlet - Initializing Servlet 'dispatcherServlet'
2020-11-10 14:37:36 [http-nio-9091-exec-1] INFO  org.springframework.web.servlet.DispatcherServlet - Completed initialization in 5 ms
2020-11-10 14:37:37 [task-1] WARN  o.h.e.jdbc.env.internal.JdbcEnvironmentInitiator - HHH000342: Could not obtain connection to query metadata : 尝试连线已失败。
2020-11-10 14:41:33 [background-preinit] INFO  org.hibernate.validator.internal.util.Version - HV000001: Hibernate Validator 5.2.4.Final
2020-11-10 14:41:33 [main] INFO  com.pingan.pahm.PahmApplication - Starting PahmApplication on LAPTOP-S1HD2I46 with PID 2132 (E:\workspace\PAHM-Perfomance\target\classes started by linmoo in E:\workspace\PAHM-Perfomance)
2020-11-10 14:41:33 [main] INFO  com.pingan.pahm.PahmApplication - No active profile set, falling back to default profiles: default
2020-11-10 14:41:34 [main] INFO  o.s.d.r.config.RepositoryConfigurationDelegate - Bootstrapping Spring Data JPA repositories in DEFERRED mode.
2020-11-10 14:41:34 [main] INFO  o.s.d.r.config.RepositoryConfigurationDelegate - Finished Spring Data repository scanning in 13ms. Found 0 JPA repository interfaces.
2020-11-10 14:41:34 [main] INFO  o.s.boot.web.embedded.tomcat.TomcatWebServer - Tomcat initialized with port(s): 9091 (http)
2020-11-10 14:41:34 [main] INFO  org.apache.coyote.http11.Http11NioProtocol - Initializing ProtocolHandler ["http-nio-9091"]
2020-11-10 14:41:34 [main] INFO  org.apache.catalina.core.StandardService - Starting service [Tomcat]
2020-11-10 14:41:34 [main] INFO  org.apache.catalina.core.StandardEngine - Starting Servlet engine: [Apache Tomcat/9.0.37]
2020-11-10 14:41:34 [main] INFO  o.a.c.core.ContainerBase.[Tomcat].[localhost].[/] - Initializing Spring embedded WebApplicationContext
2020-11-10 14:41:34 [main] INFO  o.s.b.w.s.c.ServletWebServerApplicationContext - Root WebApplicationContext: initialization completed in 1478 ms
2020-11-10 14:41:35 [main] INFO  o.s.scheduling.concurrent.ThreadPoolTaskExecutor - Initializing ExecutorService 'applicationTaskExecutor'
2020-11-10 14:41:35 [main] INFO  com.zaxxer.hikari.HikariDataSource - HikariPool-1 - Starting...
2020-11-10 14:41:46 [task-1] INFO  org.hibernate.jpa.internal.util.LogHelper - HHH000204: Processing PersistenceUnitInfo [name: default]
2020-11-10 14:41:46 [task-1] INFO  org.hibernate.Version - HHH000412: Hibernate ORM core version 5.4.20.Final
2020-11-10 14:41:46 [main] WARN  o.s.b.a.o.j.JpaBaseConfiguration$JpaWebConfiguration - spring.jpa.open-in-view is enabled by default. Therefore, database queries may be performed during view rendering. Explicitly configure spring.jpa.open-in-view to disable this warning
2020-11-10 14:41:46 [task-1] INFO  org.hibernate.annotations.common.Version - HCANN000001: Hibernate Commons Annotations {5.1.0.Final}
2020-11-10 14:41:46 [task-1] INFO  com.zaxxer.hikari.HikariDataSource - HikariPool-1 - Starting...
2020-11-10 14:41:46 [main] INFO  org.apache.coyote.http11.Http11NioProtocol - Starting ProtocolHandler ["http-nio-9091"]
2020-11-10 14:41:46 [main] INFO  o.s.boot.web.embedded.tomcat.TomcatWebServer - Tomcat started on port(s): 9091 (http) with context path ''
2020-11-10 14:41:46 [main] INFO  o.s.d.r.c.DeferredRepositoryInitializationListener - Triggering deferred initialization of Spring Data repositories…
2020-11-10 14:41:46 [main] INFO  o.s.d.r.c.DeferredRepositoryInitializationListener - Spring Data repositories initialized!
2020-11-10 14:41:46 [main] INFO  com.pingan.pahm.PahmApplication - Started PahmApplication in 14.1 seconds (JVM running for 15.253)
2020-11-10 14:41:57 [task-1] WARN  o.h.e.jdbc.env.internal.JdbcEnvironmentInitiator - HHH000342: Could not obtain connection to query metadata : 尝试连线已失败。
2020-11-10 14:41:57 [task-1] INFO  org.hibernate.dialect.Dialect - HHH000400: Using dialect: org.hibernate.dialect.MySQLDialect
2020-11-10 14:41:57 [task-1] INFO  o.h.e.t.jta.platform.internal.JtaPlatformInitiator - HHH000490: Using JtaPlatform implementation: [org.hibernate.engine.transaction.jta.platform.internal.NoJtaPlatform]
2020-11-10 14:41:57 [task-1] INFO  o.s.orm.jpa.LocalContainerEntityManagerFactoryBean - Initialized JPA EntityManagerFactory for persistence unit 'default'
2020-11-10 14:41:57 [task-2] INFO  com.zaxxer.hikari.HikariDataSource - HikariPool-1 - Starting...
2020-11-10 14:50:36 [background-preinit] INFO  org.hibernate.validator.internal.util.Version - HV000001: Hibernate Validator 5.2.4.Final
2020-11-10 14:50:36 [main] INFO  com.pingan.pahm.PahmApplication - Starting PahmApplication on LAPTOP-S1HD2I46 with PID 2040 (E:\workspace\PAHM-Perfomance\target\classes started by linmoo in E:\workspace\PAHM-Perfomance)
2020-11-10 14:50:36 [main] INFO  com.pingan.pahm.PahmApplication - No active profile set, falling back to default profiles: default
2020-11-10 14:50:37 [main] INFO  o.s.d.r.config.RepositoryConfigurationDelegate - Bootstrapping Spring Data JPA repositories in DEFERRED mode.
2020-11-10 14:50:37 [main] INFO  o.s.d.r.config.RepositoryConfigurationDelegate - Finished Spring Data repository scanning in 13ms. Found 0 JPA repository interfaces.
2020-11-10 14:50:37 [main] INFO  o.s.boot.web.embedded.tomcat.TomcatWebServer - Tomcat initialized with port(s): 9091 (http)
2020-11-10 14:50:37 [main] INFO  org.apache.coyote.http11.Http11NioProtocol - Initializing ProtocolHandler ["http-nio-9091"]
2020-11-10 14:50:37 [main] INFO  org.apache.catalina.core.StandardService - Starting service [Tomcat]
2020-11-10 14:50:37 [main] INFO  org.apache.catalina.core.StandardEngine - Starting Servlet engine: [Apache Tomcat/9.0.37]
2020-11-10 14:50:38 [main] INFO  o.a.c.core.ContainerBase.[Tomcat].[localhost].[/] - Initializing Spring embedded WebApplicationContext
2020-11-10 14:50:38 [main] INFO  o.s.b.w.s.c.ServletWebServerApplicationContext - Root WebApplicationContext: initialization completed in 1229 ms
2020-11-10 14:50:38 [main] INFO  o.s.scheduling.concurrent.ThreadPoolTaskExecutor - Initializing ExecutorService 'applicationTaskExecutor'
2020-11-10 14:50:38 [main] INFO  com.zaxxer.hikari.HikariDataSource - HikariPool-1 - Starting...
2020-11-10 14:50:38 [main] INFO  com.zaxxer.hikari.HikariDataSource - HikariPool-1 - Start completed.
2020-11-10 14:50:38 [task-1] INFO  org.hibernate.jpa.internal.util.LogHelper - HHH000204: Processing PersistenceUnitInfo [name: default]
2020-11-10 14:50:38 [task-1] INFO  org.hibernate.Version - HHH000412: Hibernate ORM core version 5.4.20.Final
2020-11-10 14:50:38 [main] WARN  o.s.b.a.o.j.JpaBaseConfiguration$JpaWebConfiguration - spring.jpa.open-in-view is enabled by default. Therefore, database queries may be performed during view rendering. Explicitly configure spring.jpa.open-in-view to disable this warning
2020-11-10 14:50:38 [task-1] INFO  org.hibernate.annotations.common.Version - HCANN000001: Hibernate Commons Annotations {5.1.0.Final}
2020-11-10 14:50:39 [task-1] INFO  org.hibernate.dialect.Dialect - HHH000400: Using dialect: org.hibernate.dialect.MySQLDialect
2020-11-10 14:50:39 [task-1] WARN  com.zaxxer.hikari.pool.ProxyConnection - HikariPool-1 - Connection org.postgresql.jdbc.PgConnection@168abdb6 marked as broken because of SQLSTATE(0A000), ErrorCode(0)
java.sql.SQLFeatureNotSupportedException: 这个 org.postgresql.jdbc.PgConnection.createClob() 方法尚未被实作。
	at org.postgresql.Driver.notImplemented(Driver.java:692)
	at org.postgresql.jdbc.PgConnection.createClob(PgConnection.java:1355)
	at com.zaxxer.hikari.pool.HikariProxyConnection.createClob(HikariProxyConnection.java)
	at sun.reflect.NativeMethodAccessorImpl.invoke0(Native Method)
	at sun.reflect.NativeMethodAccessorImpl.invoke(NativeMethodAccessorImpl.java:62)
	at sun.reflect.DelegatingMethodAccessorImpl.invoke(DelegatingMethodAccessorImpl.java:43)
	at java.lang.reflect.Method.invoke(Method.java:483)
	at org.hibernate.engine.jdbc.env.internal.LobCreatorBuilderImpl.useContextualLobCreation(LobCreatorBuilderImpl.java:121)
	at org.hibernate.engine.jdbc.env.internal.LobCreatorBuilderImpl.makeLobCreatorBuilder(LobCreatorBuilderImpl.java:56)
	at org.hibernate.engine.jdbc.env.internal.JdbcEnvironmentImpl.<init>(JdbcEnvironmentImpl.java:282)
	at org.hibernate.engine.jdbc.env.internal.JdbcEnvironmentInitiator.initiateService(JdbcEnvironmentInitiator.java:114)
	at org.hibernate.engine.jdbc.env.internal.JdbcEnvironmentInitiator.initiateService(JdbcEnvironmentInitiator.java:35)
	at org.hibernate.boot.registry.internal.StandardServiceRegistryImpl.initiateService(StandardServiceRegistryImpl.java:101)
	at org.hibernate.service.internal.AbstractServiceRegistryImpl.createService(AbstractServiceRegistryImpl.java:263)
	at org.hibernate.service.internal.AbstractServiceRegistryImpl.initializeService(AbstractServiceRegistryImpl.java:237)
	at org.hibernate.service.internal.AbstractServiceRegistryImpl.getService(AbstractServiceRegistryImpl.java:214)
	at org.hibernate.id.factory.internal.DefaultIdentifierGeneratorFactory.injectServices(DefaultIdentifierGeneratorFactory.java:152)
	at org.hibernate.service.internal.AbstractServiceRegistryImpl.injectDependencies(AbstractServiceRegistryImpl.java:286)
	at org.hibernate.service.internal.AbstractServiceRegistryImpl.initializeService(AbstractServiceRegistryImpl.java:243)
	at org.hibernate.service.internal.AbstractServiceRegistryImpl.getService(AbstractServiceRegistryImpl.java:214)
	at org.hibernate.boot.internal.InFlightMetadataCollectorImpl.<init>(InFlightMetadataCollectorImpl.java:176)
	at org.hibernate.boot.model.process.spi.MetadataBuildingProcess.complete(MetadataBuildingProcess.java:118)
	at org.hibernate.jpa.boot.internal.EntityManagerFactoryBuilderImpl.metadata(EntityManagerFactoryBuilderImpl.java:1224)
	at org.hibernate.jpa.boot.internal.EntityManagerFactoryBuilderImpl.build(EntityManagerFactoryBuilderImpl.java:1255)
	at org.springframework.orm.jpa.vendor.SpringHibernateJpaPersistenceProvider.createContainerEntityManagerFactory(SpringHibernateJpaPersistenceProvider.java:58)
	at org.springframework.orm.jpa.LocalContainerEntityManagerFactoryBean.createNativeEntityManagerFactory(LocalContainerEntityManagerFactoryBean.java:365)
	at org.springframework.orm.jpa.AbstractEntityManagerFactoryBean.buildNativeEntityManagerFactory(AbstractEntityManagerFactoryBean.java:391)
	at org.springframework.orm.jpa.AbstractEntityManagerFactoryBean$$Lambda$445/547380018.call(Unknown Source)
	at java.util.concurrent.FutureTask.run(FutureTask.java:266)
	at java.util.concurrent.ThreadPoolExecutor.runWorker(ThreadPoolExecutor.java:1142)
	at java.util.concurrent.ThreadPoolExecutor$Worker.run(ThreadPoolExecutor.java:617)
	at java.lang.Thread.run(Thread.java:745)
2020-11-10 14:50:39 [task-1] INFO  o.h.e.t.jta.platform.internal.JtaPlatformInitiator - HHH000490: Using JtaPlatform implementation: [org.hibernate.engine.transaction.jta.platform.internal.NoJtaPlatform]
2020-11-10 14:50:39 [task-1] INFO  o.s.orm.jpa.LocalContainerEntityManagerFactoryBean - Initialized JPA EntityManagerFactory for persistence unit 'default'
2020-11-10 14:50:39 [main] INFO  org.apache.coyote.http11.Http11NioProtocol - Starting ProtocolHandler ["http-nio-9091"]
2020-11-10 14:50:39 [main] INFO  o.s.boot.web.embedded.tomcat.TomcatWebServer - Tomcat started on port(s): 9091 (http) with context path ''
2020-11-10 14:50:39 [main] INFO  o.s.d.r.c.DeferredRepositoryInitializationListener - Triggering deferred initialization of Spring Data repositories…
2020-11-10 14:50:39 [main] INFO  o.s.d.r.c.DeferredRepositoryInitializationListener - Spring Data repositories initialized!
2020-11-10 14:50:39 [main] INFO  com.pingan.pahm.PahmApplication - Started PahmApplication in 2.961 seconds (JVM running for 3.971)
2020-11-10 14:52:53 [background-preinit] INFO  org.hibernate.validator.internal.util.Version - HV000001: Hibernate Validator 5.2.4.Final
2020-11-10 14:52:53 [main] INFO  com.pingan.pahm.PahmApplication - Starting PahmApplication on LAPTOP-S1HD2I46 with PID 13940 (E:\workspace\PAHM-Perfomance\target\classes started by linmoo in E:\workspace\PAHM-Perfomance)
2020-11-10 14:52:53 [main] INFO  com.pingan.pahm.PahmApplication - No active profile set, falling back to default profiles: default
2020-11-10 14:52:54 [main] INFO  o.s.d.r.config.RepositoryConfigurationDelegate - Bootstrapping Spring Data JPA repositories in DEFERRED mode.
2020-11-10 14:52:54 [main] INFO  o.s.d.r.config.RepositoryConfigurationDelegate - Finished Spring Data repository scanning in 13ms. Found 0 JPA repository interfaces.
2020-11-10 14:52:55 [main] INFO  o.s.boot.web.embedded.tomcat.TomcatWebServer - Tomcat initialized with port(s): 9091 (http)
2020-11-10 14:52:55 [main] INFO  org.apache.coyote.http11.Http11NioProtocol - Initializing ProtocolHandler ["http-nio-9091"]
2020-11-10 14:52:55 [main] INFO  org.apache.catalina.core.StandardService - Starting service [Tomcat]
2020-11-10 14:52:55 [main] INFO  org.apache.catalina.core.StandardEngine - Starting Servlet engine: [Apache Tomcat/9.0.37]
2020-11-10 14:52:55 [main] INFO  o.a.c.core.ContainerBase.[Tomcat].[localhost].[/] - Initializing Spring embedded WebApplicationContext
2020-11-10 14:52:55 [main] INFO  o.s.b.w.s.c.ServletWebServerApplicationContext - Root WebApplicationContext: initialization completed in 1407 ms
2020-11-10 14:52:55 [main] INFO  o.s.scheduling.concurrent.ThreadPoolTaskExecutor - Initializing ExecutorService 'applicationTaskExecutor'
2020-11-10 14:52:55 [main] INFO  com.zaxxer.hikari.HikariDataSource - HikariPool-1 - Starting...
2020-11-10 14:52:55 [main] INFO  com.zaxxer.hikari.HikariDataSource - HikariPool-1 - Start completed.
2020-11-10 14:52:55 [task-1] INFO  org.hibernate.jpa.internal.util.LogHelper - HHH000204: Processing PersistenceUnitInfo [name: default]
2020-11-10 14:52:55 [task-1] INFO  org.hibernate.Version - HHH000412: Hibernate ORM core version 5.4.20.Final
2020-11-10 14:52:55 [main] WARN  o.s.b.a.o.j.JpaBaseConfiguration$JpaWebConfiguration - spring.jpa.open-in-view is enabled by default. Therefore, database queries may be performed during view rendering. Explicitly configure spring.jpa.open-in-view to disable this warning
2020-11-10 14:52:55 [task-1] INFO  org.hibernate.annotations.common.Version - HCANN000001: Hibernate Commons Annotations {5.1.0.Final}
2020-11-10 14:52:55 [task-1] INFO  org.hibernate.dialect.Dialect - HHH000400: Using dialect: org.hibernate.dialect.PostgreSQLDialect
2020-11-10 14:52:56 [task-1] INFO  o.h.e.t.jta.platform.internal.JtaPlatformInitiator - HHH000490: Using JtaPlatform implementation: [org.hibernate.engine.transaction.jta.platform.internal.NoJtaPlatform]
2020-11-10 14:52:56 [task-1] INFO  o.s.orm.jpa.LocalContainerEntityManagerFactoryBean - Initialized JPA EntityManagerFactory for persistence unit 'default'
2020-11-10 14:52:56 [main] INFO  org.apache.coyote.http11.Http11NioProtocol - Starting ProtocolHandler ["http-nio-9091"]
2020-11-10 14:52:56 [main] INFO  o.s.boot.web.embedded.tomcat.TomcatWebServer - Tomcat started on port(s): 9091 (http) with context path ''
2020-11-10 14:52:56 [main] INFO  o.s.d.r.c.DeferredRepositoryInitializationListener - Triggering deferred initialization of Spring Data repositories…
2020-11-10 14:52:56 [main] INFO  o.s.d.r.c.DeferredRepositoryInitializationListener - Spring Data repositories initialized!
2020-11-10 14:52:56 [main] INFO  com.pingan.pahm.PahmApplication - Started PahmApplication in 2.86 seconds (JVM running for 3.859)
2020-11-10 14:53:36 [http-nio-9091-exec-1] INFO  o.a.c.core.ContainerBase.[Tomcat].[localhost].[/] - Initializing Spring DispatcherServlet 'dispatcherServlet'
2020-11-10 14:53:36 [http-nio-9091-exec-1] INFO  org.springframework.web.servlet.DispatcherServlet - Initializing Servlet 'dispatcherServlet'
2020-11-10 14:53:36 [http-nio-9091-exec-1] INFO  org.springframework.web.servlet.DispatcherServlet - Completed initialization in 8 ms
2020-11-10 14:54:18 [background-preinit] INFO  org.hibernate.validator.internal.util.Version - HV000001: Hibernate Validator 5.2.4.Final
2020-11-10 14:54:18 [main] INFO  com.pingan.pahm.PahmApplication - Starting PahmApplication on LAPTOP-S1HD2I46 with PID 7240 (E:\workspace\PAHM-Perfomance\target\classes started by linmoo in E:\workspace\PAHM-Perfomance)
2020-11-10 14:54:18 [main] INFO  com.pingan.pahm.PahmApplication - No active profile set, falling back to default profiles: default
2020-11-10 14:54:19 [main] INFO  o.s.d.r.config.RepositoryConfigurationDelegate - Bootstrapping Spring Data JPA repositories in DEFERRED mode.
2020-11-10 14:54:19 [main] INFO  o.s.d.r.config.RepositoryConfigurationDelegate - Finished Spring Data repository scanning in 10ms. Found 0 JPA repository interfaces.
2020-11-10 14:54:20 [main] INFO  o.s.boot.web.embedded.tomcat.TomcatWebServer - Tomcat initialized with port(s): 9091 (http)
2020-11-10 14:54:20 [main] INFO  org.apache.coyote.http11.Http11NioProtocol - Initializing ProtocolHandler ["http-nio-9091"]
2020-11-10 14:54:20 [main] INFO  org.apache.catalina.core.StandardService - Starting service [Tomcat]
2020-11-10 14:54:20 [main] INFO  org.apache.catalina.core.StandardEngine - Starting Servlet engine: [Apache Tomcat/9.0.37]
2020-11-10 14:54:20 [main] INFO  o.a.c.core.ContainerBase.[Tomcat].[localhost].[/] - Initializing Spring embedded WebApplicationContext
2020-11-10 14:54:20 [main] INFO  o.s.b.w.s.c.ServletWebServerApplicationContext - Root WebApplicationContext: initialization completed in 1564 ms
2020-11-10 14:54:20 [main] INFO  o.s.scheduling.concurrent.ThreadPoolTaskExecutor - Initializing ExecutorService 'applicationTaskExecutor'
2020-11-10 14:54:20 [main] INFO  com.zaxxer.hikari.HikariDataSource - HikariPool-1 - Starting...
2020-11-10 14:54:20 [main] INFO  com.zaxxer.hikari.HikariDataSource - HikariPool-1 - Start completed.
2020-11-10 14:54:20 [task-1] INFO  org.hibernate.jpa.internal.util.LogHelper - HHH000204: Processing PersistenceUnitInfo [name: default]
2020-11-10 14:54:20 [task-1] INFO  org.hibernate.Version - HHH000412: Hibernate ORM core version 5.4.20.Final
2020-11-10 14:54:20 [main] WARN  o.s.b.a.o.j.JpaBaseConfiguration$JpaWebConfiguration - spring.jpa.open-in-view is enabled by default. Therefore, database queries may be performed during view rendering. Explicitly configure spring.jpa.open-in-view to disable this warning
2020-11-10 14:54:20 [task-1] INFO  org.hibernate.annotations.common.Version - HCANN000001: Hibernate Commons Annotations {5.1.0.Final}
2020-11-10 14:54:21 [task-1] INFO  org.hibernate.dialect.Dialect - HHH000400: Using dialect: org.hibernate.dialect.PostgreSQLDialect
2020-11-10 14:54:21 [task-1] INFO  o.h.e.t.jta.platform.internal.JtaPlatformInitiator - HHH000490: Using JtaPlatform implementation: [org.hibernate.engine.transaction.jta.platform.internal.NoJtaPlatform]
2020-11-10 14:54:21 [task-1] INFO  o.s.orm.jpa.LocalContainerEntityManagerFactoryBean - Initialized JPA EntityManagerFactory for persistence unit 'default'
2020-11-10 14:54:21 [main] INFO  org.apache.coyote.http11.Http11NioProtocol - Starting ProtocolHandler ["http-nio-9091"]
2020-11-10 14:54:21 [main] INFO  o.s.boot.web.embedded.tomcat.TomcatWebServer - Tomcat started on port(s): 9091 (http) with context path ''
2020-11-10 14:54:21 [main] INFO  o.s.d.r.c.DeferredRepositoryInitializationListener - Triggering deferred initialization of Spring Data repositories…
2020-11-10 14:54:21 [main] INFO  o.s.d.r.c.DeferredRepositoryInitializationListener - Spring Data repositories initialized!
2020-11-10 14:54:21 [main] INFO  com.pingan.pahm.PahmApplication - Started PahmApplication in 2.97 seconds (JVM running for 3.934)
2020-11-10 14:54:24 [http-nio-9091-exec-1] INFO  o.a.c.core.ContainerBase.[Tomcat].[localhost].[/] - Initializing Spring DispatcherServlet 'dispatcherServlet'
2020-11-10 14:54:24 [http-nio-9091-exec-1] INFO  org.springframework.web.servlet.DispatcherServlet - Initializing Servlet 'dispatcherServlet'
2020-11-10 14:54:24 [http-nio-9091-exec-1] INFO  org.springframework.web.servlet.DispatcherServlet - Completed initialization in 7 ms
2020-11-10 14:54:46 [background-preinit] INFO  org.hibernate.validator.internal.util.Version - HV000001: Hibernate Validator 5.2.4.Final
2020-11-10 14:54:46 [main] INFO  com.pingan.pahm.PahmApplication - Starting PahmApplication on LAPTOP-S1HD2I46 with PID 15948 (E:\workspace\PAHM-Perfomance\target\classes started by linmoo in E:\workspace\PAHM-Perfomance)
2020-11-10 14:54:46 [main] INFO  com.pingan.pahm.PahmApplication - No active profile set, falling back to default profiles: default
2020-11-10 14:54:47 [main] INFO  o.s.d.r.config.RepositoryConfigurationDelegate - Bootstrapping Spring Data JPA repositories in DEFERRED mode.
2020-11-10 14:54:47 [main] INFO  o.s.d.r.config.RepositoryConfigurationDelegate - Finished Spring Data repository scanning in 11ms. Found 0 JPA repository interfaces.
2020-11-10 14:54:48 [main] INFO  o.s.boot.web.embedded.tomcat.TomcatWebServer - Tomcat initialized with port(s): 9091 (http)
2020-11-10 14:54:48 [main] INFO  org.apache.coyote.http11.Http11NioProtocol - Initializing ProtocolHandler ["http-nio-9091"]
2020-11-10 14:54:48 [main] INFO  org.apache.catalina.core.StandardService - Starting service [Tomcat]
2020-11-10 14:54:48 [main] INFO  org.apache.catalina.core.StandardEngine - Starting Servlet engine: [Apache Tomcat/9.0.37]
2020-11-10 14:54:48 [main] INFO  o.a.c.core.ContainerBase.[Tomcat].[localhost].[/] - Initializing Spring embedded WebApplicationContext
2020-11-10 14:54:48 [main] INFO  o.s.b.w.s.c.ServletWebServerApplicationContext - Root WebApplicationContext: initialization completed in 1251 ms
2020-11-10 14:54:48 [main] INFO  o.s.scheduling.concurrent.ThreadPoolTaskExecutor - Initializing ExecutorService 'applicationTaskExecutor'
2020-11-10 14:54:48 [main] INFO  com.zaxxer.hikari.HikariDataSource - HikariPool-1 - Starting...
2020-11-10 14:54:48 [main] INFO  com.zaxxer.hikari.HikariDataSource - HikariPool-1 - Start completed.
2020-11-10 14:54:48 [task-1] INFO  org.hibernate.jpa.internal.util.LogHelper - HHH000204: Processing PersistenceUnitInfo [name: default]
2020-11-10 14:54:48 [task-1] INFO  org.hibernate.Version - HHH000412: Hibernate ORM core version 5.4.20.Final
2020-11-10 14:54:48 [main] WARN  o.s.b.a.o.j.JpaBaseConfiguration$JpaWebConfiguration - spring.jpa.open-in-view is enabled by default. Therefore, database queries may be performed during view rendering. Explicitly configure spring.jpa.open-in-view to disable this warning
2020-11-10 14:54:48 [task-1] INFO  org.hibernate.annotations.common.Version - HCANN000001: Hibernate Commons Annotations {5.1.0.Final}
2020-11-10 14:54:49 [task-1] INFO  org.hibernate.dialect.Dialect - HHH000400: Using dialect: org.hibernate.dialect.PostgreSQLDialect
2020-11-10 14:54:49 [task-1] INFO  o.h.e.t.jta.platform.internal.JtaPlatformInitiator - HHH000490: Using JtaPlatform implementation: [org.hibernate.engine.transaction.jta.platform.internal.NoJtaPlatform]
2020-11-10 14:54:49 [task-1] INFO  o.s.orm.jpa.LocalContainerEntityManagerFactoryBean - Initialized JPA EntityManagerFactory for persistence unit 'default'
2020-11-10 14:54:49 [main] INFO  org.apache.coyote.http11.Http11NioProtocol - Starting ProtocolHandler ["http-nio-9091"]
2020-11-10 14:54:49 [main] INFO  o.s.boot.web.embedded.tomcat.TomcatWebServer - Tomcat started on port(s): 9091 (http) with context path ''
2020-11-10 14:54:49 [main] INFO  o.s.d.r.c.DeferredRepositoryInitializationListener - Triggering deferred initialization of Spring Data repositories…
2020-11-10 14:54:49 [main] INFO  o.s.d.r.c.DeferredRepositoryInitializationListener - Spring Data repositories initialized!
2020-11-10 14:54:49 [main] INFO  com.pingan.pahm.PahmApplication - Started PahmApplication in 2.99 seconds (JVM running for 3.98)
2020-11-10 14:54:53 [http-nio-9091-exec-1] INFO  o.a.c.core.ContainerBase.[Tomcat].[localhost].[/] - Initializing Spring DispatcherServlet 'dispatcherServlet'
2020-11-10 14:54:53 [http-nio-9091-exec-1] INFO  org.springframework.web.servlet.DispatcherServlet - Initializing Servlet 'dispatcherServlet'
2020-11-10 14:54:53 [http-nio-9091-exec-1] INFO  org.springframework.web.servlet.DispatcherServlet - Completed initialization in 6 ms
2020-11-10 14:54:53 [http-nio-9091-exec-1] DEBUG com.pingan.pahm.dao.postgre.T_UserMapper.getTUser - ==>  Preparing: SELECT id,name,password,gender,birthday,creat_time FROM t_user 
2020-11-10 14:54:53 [http-nio-9091-exec-1] DEBUG com.pingan.pahm.dao.postgre.T_UserMapper.getTUser - ==> Parameters: 
2020-11-10 14:55:27 [background-preinit] INFO  org.hibernate.validator.internal.util.Version - HV000001: Hibernate Validator 5.2.4.Final
2020-11-10 14:55:27 [main] INFO  com.pingan.pahm.PahmApplication - Starting PahmApplication on LAPTOP-S1HD2I46 with PID 3340 (E:\workspace\PAHM-Perfomance\target\classes started by linmoo in E:\workspace\PAHM-Perfomance)
2020-11-10 14:55:27 [main] INFO  com.pingan.pahm.PahmApplication - No active profile set, falling back to default profiles: default
2020-11-10 14:55:28 [main] INFO  o.s.d.r.config.RepositoryConfigurationDelegate - Bootstrapping Spring Data JPA repositories in DEFERRED mode.
2020-11-10 14:55:28 [main] INFO  o.s.d.r.config.RepositoryConfigurationDelegate - Finished Spring Data repository scanning in 12ms. Found 0 JPA repository interfaces.
2020-11-10 14:55:28 [main] INFO  o.s.boot.web.embedded.tomcat.TomcatWebServer - Tomcat initialized with port(s): 9091 (http)
2020-11-10 14:55:28 [main] INFO  org.apache.coyote.http11.Http11NioProtocol - Initializing ProtocolHandler ["http-nio-9091"]
2020-11-10 14:55:28 [main] INFO  org.apache.catalina.core.StandardService - Starting service [Tomcat]
2020-11-10 14:55:28 [main] INFO  org.apache.catalina.core.StandardEngine - Starting Servlet engine: [Apache Tomcat/9.0.37]
2020-11-10 14:55:28 [main] INFO  o.a.c.core.ContainerBase.[Tomcat].[localhost].[/] - Initializing Spring embedded WebApplicationContext
2020-11-10 14:55:28 [main] INFO  o.s.b.w.s.c.ServletWebServerApplicationContext - Root WebApplicationContext: initialization completed in 1342 ms
2020-11-10 14:55:29 [main] INFO  o.s.scheduling.concurrent.ThreadPoolTaskExecutor - Initializing ExecutorService 'applicationTaskExecutor'
2020-11-10 14:55:29 [main] INFO  com.zaxxer.hikari.HikariDataSource - HikariPool-1 - Starting...
2020-11-10 14:55:29 [main] INFO  com.zaxxer.hikari.HikariDataSource - HikariPool-1 - Start completed.
2020-11-10 14:55:29 [task-1] INFO  org.hibernate.jpa.internal.util.LogHelper - HHH000204: Processing PersistenceUnitInfo [name: default]
2020-11-10 14:55:29 [task-1] INFO  org.hibernate.Version - HHH000412: Hibernate ORM core version 5.4.20.Final
2020-11-10 14:55:29 [main] WARN  o.s.b.a.o.j.JpaBaseConfiguration$JpaWebConfiguration - spring.jpa.open-in-view is enabled by default. Therefore, database queries may be performed during view rendering. Explicitly configure spring.jpa.open-in-view to disable this warning
2020-11-10 14:55:29 [task-1] INFO  org.hibernate.annotations.common.Version - HCANN000001: Hibernate Commons Annotations {5.1.0.Final}
2020-11-10 14:55:29 [task-1] INFO  org.hibernate.dialect.Dialect - HHH000400: Using dialect: org.hibernate.dialect.PostgreSQLDialect
2020-11-10 14:55:29 [task-1] INFO  o.h.e.t.jta.platform.internal.JtaPlatformInitiator - HHH000490: Using JtaPlatform implementation: [org.hibernate.engine.transaction.jta.platform.internal.NoJtaPlatform]
2020-11-10 14:55:29 [task-1] INFO  o.s.orm.jpa.LocalContainerEntityManagerFactoryBean - Initialized JPA EntityManagerFactory for persistence unit 'default'
2020-11-10 14:55:30 [main] INFO  org.apache.coyote.http11.Http11NioProtocol - Starting ProtocolHandler ["http-nio-9091"]
2020-11-10 14:55:30 [main] INFO  o.s.boot.web.embedded.tomcat.TomcatWebServer - Tomcat started on port(s): 9091 (http) with context path ''
2020-11-10 14:55:30 [main] INFO  o.s.d.r.c.DeferredRepositoryInitializationListener - Triggering deferred initialization of Spring Data repositories…
2020-11-10 14:55:30 [main] INFO  o.s.d.r.c.DeferredRepositoryInitializationListener - Spring Data repositories initialized!
2020-11-10 14:55:30 [main] INFO  com.pingan.pahm.PahmApplication - Started PahmApplication in 3.099 seconds (JVM running for 4.151)
2020-11-10 14:55:33 [http-nio-9091-exec-1] INFO  o.a.c.core.ContainerBase.[Tomcat].[localhost].[/] - Initializing Spring DispatcherServlet 'dispatcherServlet'
2020-11-10 14:55:33 [http-nio-9091-exec-1] INFO  org.springframework.web.servlet.DispatcherServlet - Initializing Servlet 'dispatcherServlet'
2020-11-10 14:55:33 [http-nio-9091-exec-1] INFO  org.springframework.web.servlet.DispatcherServlet - Completed initialization in 5 ms
2020-11-10 14:55:33 [http-nio-9091-exec-1] DEBUG com.pingan.pahm.dao.postgre.T_UserMapper.getTUser - ==>  Preparing: SELECT id,name,password,gender,birthday,create_time FROM t_user 
2020-11-10 14:55:33 [http-nio-9091-exec-1] DEBUG com.pingan.pahm.dao.postgre.T_UserMapper.getTUser - ==> Parameters: 
2020-11-10 14:55:33 [http-nio-9091-exec-1] DEBUG com.pingan.pahm.dao.postgre.T_UserMapper.getTUser - <==      Total: 1
2020-11-10 14:56:04 [background-preinit] INFO  org.hibernate.validator.internal.util.Version - HV000001: Hibernate Validator 5.2.4.Final
2020-11-10 14:56:04 [main] INFO  com.pingan.pahm.PahmApplication - Starting PahmApplication on LAPTOP-S1HD2I46 with PID 5992 (E:\workspace\PAHM-Perfomance\target\classes started by linmoo in E:\workspace\PAHM-Perfomance)
2020-11-10 14:56:04 [main] INFO  com.pingan.pahm.PahmApplication - No active profile set, falling back to default profiles: default
2020-11-10 14:56:05 [main] INFO  o.s.d.r.config.RepositoryConfigurationDelegate - Bootstrapping Spring Data JPA repositories in DEFERRED mode.
2020-11-10 14:56:05 [main] INFO  o.s.d.r.config.RepositoryConfigurationDelegate - Finished Spring Data repository scanning in 14ms. Found 0 JPA repository interfaces.
2020-11-10 14:56:06 [main] INFO  o.s.boot.web.embedded.tomcat.TomcatWebServer - Tomcat initialized with port(s): 9091 (http)
2020-11-10 14:56:06 [main] INFO  org.apache.coyote.http11.Http11NioProtocol - Initializing ProtocolHandler ["http-nio-9091"]
2020-11-10 14:56:06 [main] INFO  org.apache.catalina.core.StandardService - Starting service [Tomcat]
2020-11-10 14:56:06 [main] INFO  org.apache.catalina.core.StandardEngine - Starting Servlet engine: [Apache Tomcat/9.0.37]
2020-11-10 14:56:06 [main] INFO  o.a.c.core.ContainerBase.[Tomcat].[localhost].[/] - Initializing Spring embedded WebApplicationContext
2020-11-10 14:56:06 [main] INFO  o.s.b.w.s.c.ServletWebServerApplicationContext - Root WebApplicationContext: initialization completed in 1657 ms
2020-11-10 14:56:06 [main] INFO  o.s.scheduling.concurrent.ThreadPoolTaskExecutor - Initializing ExecutorService 'applicationTaskExecutor'
2020-11-10 14:56:06 [main] INFO  com.zaxxer.hikari.HikariDataSource - HikariPool-1 - Starting...
2020-11-10 14:56:07 [main] INFO  com.zaxxer.hikari.HikariDataSource - HikariPool-1 - Start completed.
2020-11-10 14:56:07 [task-1] INFO  org.hibernate.jpa.internal.util.LogHelper - HHH000204: Processing PersistenceUnitInfo [name: default]
2020-11-10 14:56:07 [task-1] INFO  org.hibernate.Version - HHH000412: Hibernate ORM core version 5.4.20.Final
2020-11-10 14:56:07 [main] WARN  o.s.b.a.o.j.JpaBaseConfiguration$JpaWebConfiguration - spring.jpa.open-in-view is enabled by default. Therefore, database queries may be performed during view rendering. Explicitly configure spring.jpa.open-in-view to disable this warning
2020-11-10 14:56:07 [task-1] INFO  org.hibernate.annotations.common.Version - HCANN000001: Hibernate Commons Annotations {5.1.0.Final}
2020-11-10 14:56:07 [task-1] INFO  org.hibernate.dialect.Dialect - HHH000400: Using dialect: org.hibernate.dialect.PostgreSQLDialect
2020-11-10 14:56:07 [task-1] INFO  o.h.e.t.jta.platform.internal.JtaPlatformInitiator - HHH000490: Using JtaPlatform implementation: [org.hibernate.engine.transaction.jta.platform.internal.NoJtaPlatform]
2020-11-10 14:56:08 [task-1] INFO  o.s.orm.jpa.LocalContainerEntityManagerFactoryBean - Initialized JPA EntityManagerFactory for persistence unit 'default'
2020-11-10 14:56:08 [main] INFO  org.apache.coyote.http11.Http11NioProtocol - Starting ProtocolHandler ["http-nio-9091"]
2020-11-10 14:56:08 [main] INFO  o.s.boot.web.embedded.tomcat.TomcatWebServer - Tomcat started on port(s): 9091 (http) with context path ''
2020-11-10 14:56:08 [main] INFO  o.s.d.r.c.DeferredRepositoryInitializationListener - Triggering deferred initialization of Spring Data repositories…
2020-11-10 14:56:08 [main] INFO  o.s.d.r.c.DeferredRepositoryInitializationListener - Spring Data repositories initialized!
2020-11-10 14:56:08 [main] INFO  com.pingan.pahm.PahmApplication - Started PahmApplication in 4.0 seconds (JVM running for 6.038)
2020-11-10 14:56:25 [SpringContextShutdownHook] INFO  o.s.orm.jpa.LocalContainerEntityManagerFactoryBean - Closing JPA EntityManagerFactory for persistence unit 'default'
2020-11-10 14:56:25 [SpringContextShutdownHook] INFO  o.s.scheduling.concurrent.ThreadPoolTaskExecutor - Shutting down ExecutorService 'applicationTaskExecutor'
2020-11-10 14:56:25 [SpringContextShutdownHook] INFO  com.zaxxer.hikari.HikariDataSource - HikariPool-1 - Shutdown initiated...
2020-11-10 14:56:25 [SpringContextShutdownHook] INFO  com.zaxxer.hikari.HikariDataSource - HikariPool-1 - Shutdown completed.
2020-11-10 14:56:30 [background-preinit] INFO  org.hibernate.validator.internal.util.Version - HV000001: Hibernate Validator 5.2.4.Final
2020-11-10 14:56:30 [main] INFO  com.pingan.pahm.PahmApplication - Starting PahmApplication on LAPTOP-S1HD2I46 with PID 13740 (E:\workspace\PAHM-Perfomance\target\classes started by linmoo in E:\workspace\PAHM-Perfomance)
2020-11-10 14:56:30 [main] INFO  com.pingan.pahm.PahmApplication - No active profile set, falling back to default profiles: default
2020-11-10 14:56:31 [main] INFO  o.s.d.r.config.RepositoryConfigurationDelegate - Bootstrapping Spring Data JPA repositories in DEFERRED mode.
2020-11-10 14:56:31 [main] INFO  o.s.d.r.config.RepositoryConfigurationDelegate - Finished Spring Data repository scanning in 14ms. Found 0 JPA repository interfaces.
2020-11-10 14:56:31 [main] INFO  o.s.boot.web.embedded.tomcat.TomcatWebServer - Tomcat initialized with port(s): 9091 (http)
2020-11-10 14:56:31 [main] INFO  org.apache.coyote.http11.Http11NioProtocol - Initializing ProtocolHandler ["http-nio-9091"]
2020-11-10 14:56:31 [main] INFO  org.apache.catalina.core.StandardService - Starting service [Tomcat]
2020-11-10 14:56:31 [main] INFO  org.apache.catalina.core.StandardEngine - Starting Servlet engine: [Apache Tomcat/9.0.37]
2020-11-10 14:56:32 [main] INFO  o.a.c.core.ContainerBase.[Tomcat].[localhost].[/] - Initializing Spring embedded WebApplicationContext
2020-11-10 14:56:32 [main] INFO  o.s.b.w.s.c.ServletWebServerApplicationContext - Root WebApplicationContext: initialization completed in 1591 ms
2020-11-10 14:56:32 [main] INFO  o.s.scheduling.concurrent.ThreadPoolTaskExecutor - Initializing ExecutorService 'applicationTaskExecutor'
2020-11-10 14:56:32 [main] INFO  com.zaxxer.hikari.HikariDataSource - HikariPool-1 - Starting...
2020-11-10 14:56:32 [main] INFO  com.zaxxer.hikari.HikariDataSource - HikariPool-1 - Start completed.
2020-11-10 14:56:32 [task-1] INFO  org.hibernate.jpa.internal.util.LogHelper - HHH000204: Processing PersistenceUnitInfo [name: default]
2020-11-10 14:56:32 [task-1] INFO  org.hibernate.Version - HHH000412: Hibernate ORM core version 5.4.20.Final
2020-11-10 14:56:32 [main] WARN  o.s.b.a.o.j.JpaBaseConfiguration$JpaWebConfiguration - spring.jpa.open-in-view is enabled by default. Therefore, database queries may be performed during view rendering. Explicitly configure spring.jpa.open-in-view to disable this warning
2020-11-10 14:56:32 [task-1] INFO  org.hibernate.annotations.common.Version - HCANN000001: Hibernate Commons Annotations {5.1.0.Final}
2020-11-10 14:56:32 [task-1] INFO  org.hibernate.dialect.Dialect - HHH000400: Using dialect: org.hibernate.dialect.PostgreSQLDialect
2020-11-10 14:56:33 [task-1] INFO  o.h.e.t.jta.platform.internal.JtaPlatformInitiator - HHH000490: Using JtaPlatform implementation: [org.hibernate.engine.transaction.jta.platform.internal.NoJtaPlatform]
2020-11-10 14:56:33 [task-1] INFO  o.s.orm.jpa.LocalContainerEntityManagerFactoryBean - Initialized JPA EntityManagerFactory for persistence unit 'default'
2020-11-10 14:56:33 [main] INFO  org.apache.coyote.http11.Http11NioProtocol - Starting ProtocolHandler ["http-nio-9091"]
2020-11-10 14:56:33 [main] INFO  o.s.boot.web.embedded.tomcat.TomcatWebServer - Tomcat started on port(s): 9091 (http) with context path ''
2020-11-10 14:56:33 [main] INFO  o.s.d.r.c.DeferredRepositoryInitializationListener - Triggering deferred initialization of Spring Data repositories…
2020-11-10 14:56:33 [main] INFO  o.s.d.r.c.DeferredRepositoryInitializationListener - Spring Data repositories initialized!
2020-11-10 14:56:33 [main] INFO  com.pingan.pahm.PahmApplication - Started PahmApplication in 3.274 seconds (JVM running for 4.565)
2020-11-10 14:56:37 [http-nio-9091-exec-1] INFO  o.a.c.core.ContainerBase.[Tomcat].[localhost].[/] - Initializing Spring DispatcherServlet 'dispatcherServlet'
2020-11-10 14:56:37 [http-nio-9091-exec-1] INFO  org.springframework.web.servlet.DispatcherServlet - Initializing Servlet 'dispatcherServlet'
2020-11-10 14:56:37 [http-nio-9091-exec-1] INFO  org.springframework.web.servlet.DispatcherServlet - Completed initialization in 6 ms
2020-11-10 14:56:37 [http-nio-9091-exec-1] DEBUG com.pingan.pahm.dao.postgre.T_UserMapper.getTUser - ==>  Preparing: SELECT id,name,password,gender,birthday,create_time FROM t_user 
2020-11-10 14:56:37 [http-nio-9091-exec-1] DEBUG com.pingan.pahm.dao.postgre.T_UserMapper.getTUser - ==> Parameters: 
2020-11-10 14:56:37 [http-nio-9091-exec-1] DEBUG com.pingan.pahm.dao.postgre.T_UserMapper.getTUser - <==      Total: 1
2020-11-10 14:56:48 [SpringContextShutdownHook] INFO  o.s.orm.jpa.LocalContainerEntityManagerFactoryBean - Closing JPA EntityManagerFactory for persistence unit 'default'
2020-11-10 14:56:48 [SpringContextShutdownHook] INFO  o.s.scheduling.concurrent.ThreadPoolTaskExecutor - Shutting down ExecutorService 'applicationTaskExecutor'
2020-11-10 14:56:48 [SpringContextShutdownHook] INFO  com.zaxxer.hikari.HikariDataSource - HikariPool-1 - Shutdown initiated...
2020-11-10 14:56:48 [SpringContextShutdownHook] INFO  com.zaxxer.hikari.HikariDataSource - HikariPool-1 - Shutdown completed.
2020-11-10 14:58:21 [background-preinit] INFO  org.hibernate.validator.internal.util.Version - HV000001: Hibernate Validator 5.2.4.Final
2020-11-10 14:58:21 [main] INFO  com.pingan.pahm.PahmApplication - Starting PahmApplication on LAPTOP-S1HD2I46 with PID 15280 (E:\workspace\PAHM-Perfomance\target\classes started by linmoo in E:\workspace\PAHM-Perfomance)
2020-11-10 14:58:21 [main] INFO  com.pingan.pahm.PahmApplication - No active profile set, falling back to default profiles: default
2020-11-10 14:58:22 [main] INFO  o.s.d.r.config.RepositoryConfigurationDelegate - Bootstrapping Spring Data JPA repositories in DEFERRED mode.
2020-11-10 14:58:22 [main] INFO  o.s.d.r.config.RepositoryConfigurationDelegate - Finished Spring Data repository scanning in 17ms. Found 0 JPA repository interfaces.
2020-11-10 14:58:22 [main] INFO  o.s.boot.web.embedded.tomcat.TomcatWebServer - Tomcat initialized with port(s): 9091 (http)
2020-11-10 14:58:22 [main] INFO  org.apache.coyote.http11.Http11NioProtocol - Initializing ProtocolHandler ["http-nio-9091"]
2020-11-10 14:58:22 [main] INFO  org.apache.catalina.core.StandardService - Starting service [Tomcat]
2020-11-10 14:58:22 [main] INFO  org.apache.catalina.core.StandardEngine - Starting Servlet engine: [Apache Tomcat/9.0.37]
2020-11-10 14:58:23 [main] INFO  o.a.c.core.ContainerBase.[Tomcat].[localhost].[/] - Initializing Spring embedded WebApplicationContext
2020-11-10 14:58:23 [main] INFO  o.s.b.w.s.c.ServletWebServerApplicationContext - Root WebApplicationContext: initialization completed in 1811 ms
2020-11-10 14:58:23 [main] INFO  o.s.scheduling.concurrent.ThreadPoolTaskExecutor - Initializing ExecutorService 'applicationTaskExecutor'
2020-11-10 14:58:23 [main] INFO  com.zaxxer.hikari.HikariDataSource - HikariPool-1 - Starting...
2020-11-10 14:58:23 [main] INFO  com.zaxxer.hikari.HikariDataSource - HikariPool-1 - Start completed.
2020-11-10 14:58:23 [task-1] INFO  org.hibernate.jpa.internal.util.LogHelper - HHH000204: Processing PersistenceUnitInfo [name: default]
2020-11-10 14:58:23 [task-1] INFO  org.hibernate.Version - HHH000412: Hibernate ORM core version 5.4.20.Final
2020-11-10 14:58:24 [task-1] INFO  org.hibernate.annotations.common.Version - HCANN000001: Hibernate Commons Annotations {5.1.0.Final}
2020-11-10 14:58:24 [main] WARN  o.s.b.a.o.j.JpaBaseConfiguration$JpaWebConfiguration - spring.jpa.open-in-view is enabled by default. Therefore, database queries may be performed during view rendering. Explicitly configure spring.jpa.open-in-view to disable this warning
2020-11-10 14:58:24 [task-1] INFO  org.hibernate.dialect.Dialect - HHH000400: Using dialect: org.hibernate.dialect.PostgreSQLDialect
2020-11-10 14:58:24 [main] INFO  s.d.s.w.PropertySourcedRequestMappingHandlerMapping - Mapped URL path [/v2/api-docs] onto method [springfox.documentation.swagger2.web.Swagger2Controller#getDocumentation(String, HttpServletRequest)]
2020-11-10 14:58:24 [task-1] INFO  o.h.e.t.jta.platform.internal.JtaPlatformInitiator - HHH000490: Using JtaPlatform implementation: [org.hibernate.engine.transaction.jta.platform.internal.NoJtaPlatform]
2020-11-10 14:58:24 [task-1] INFO  o.s.orm.jpa.LocalContainerEntityManagerFactoryBean - Initialized JPA EntityManagerFactory for persistence unit 'default'
2020-11-10 14:58:24 [main] INFO  org.apache.coyote.http11.Http11NioProtocol - Starting ProtocolHandler ["http-nio-9091"]
2020-11-10 14:58:24 [main] INFO  o.s.boot.web.embedded.tomcat.TomcatWebServer - Tomcat started on port(s): 9091 (http) with context path ''
2020-11-10 14:58:24 [main] INFO  s.d.s.web.plugins.DocumentationPluginsBootstrapper - Context refreshed
2020-11-10 14:58:24 [main] INFO  s.d.s.web.plugins.DocumentationPluginsBootstrapper - Found 1 custom documentation plugin(s)
2020-11-10 14:58:24 [main] INFO  s.d.spring.web.scanners.ApiListingReferenceScanner - Scanning for api listing references
2020-11-10 14:58:25 [main] INFO  o.s.d.r.c.DeferredRepositoryInitializationListener - Triggering deferred initialization of Spring Data repositories…
2020-11-10 14:58:25 [main] INFO  o.s.d.r.c.DeferredRepositoryInitializationListener - Spring Data repositories initialized!
2020-11-10 14:58:25 [main] INFO  com.pingan.pahm.PahmApplication - Started PahmApplication in 4.427 seconds (JVM running for 5.706)
2020-11-10 14:58:28 [http-nio-9091-exec-2] INFO  o.a.c.core.ContainerBase.[Tomcat].[localhost].[/] - Initializing Spring DispatcherServlet 'dispatcherServlet'
2020-11-10 14:58:28 [http-nio-9091-exec-2] INFO  org.springframework.web.servlet.DispatcherServlet - Initializing Servlet 'dispatcherServlet'
2020-11-10 14:58:28 [http-nio-9091-exec-2] INFO  org.springframework.web.servlet.DispatcherServlet - Completed initialization in 8 ms
2020-11-10 14:58:28 [http-nio-9091-exec-2] DEBUG com.pingan.pahm.dao.postgre.T_UserMapper.getTUser - ==>  Preparing: SELECT id,name,password,gender,birthday,create_time FROM t_user 
2020-11-10 14:58:28 [http-nio-9091-exec-2] DEBUG com.pingan.pahm.dao.postgre.T_UserMapper.getTUser - ==> Parameters: 
2020-11-10 14:58:28 [http-nio-9091-exec-2] DEBUG com.pingan.pahm.dao.postgre.T_UserMapper.getTUser - <==      Total: 1
2020-11-10 14:59:22 [http-nio-9091-exec-8] DEBUG com.pingan.pahm.dao.postgre.T_UserMapper.getTUser - ==>  Preparing: SELECT id,name,password,gender,birthday,create_time FROM t_user 
2020-11-10 14:59:22 [http-nio-9091-exec-8] DEBUG com.pingan.pahm.dao.postgre.T_UserMapper.getTUser - ==> Parameters: 
2020-11-10 14:59:22 [http-nio-9091-exec-8] DEBUG com.pingan.pahm.dao.postgre.T_UserMapper.getTUser - <==      Total: 1
2020-11-10 15:01:21 [SpringContextShutdownHook] INFO  o.s.orm.jpa.LocalContainerEntityManagerFactoryBean - Closing JPA EntityManagerFactory for persistence unit 'default'
2020-11-10 15:01:21 [SpringContextShutdownHook] INFO  o.s.scheduling.concurrent.ThreadPoolTaskExecutor - Shutting down ExecutorService 'applicationTaskExecutor'
2020-11-10 15:01:21 [SpringContextShutdownHook] INFO  com.zaxxer.hikari.HikariDataSource - HikariPool-1 - Shutdown initiated...
2020-11-10 15:01:21 [SpringContextShutdownHook] INFO  com.zaxxer.hikari.HikariDataSource - HikariPool-1 - Shutdown completed.
2020-11-10 15:01:30 [background-preinit] INFO  org.hibernate.validator.internal.util.Version - HV000001: Hibernate Validator 5.2.4.Final
2020-11-10 15:01:30 [main] INFO  com.pingan.pahm.PahmApplication - Starting PahmApplication on LAPTOP-S1HD2I46 with PID 17260 (E:\workspace\PAHM-Perfomance\target\classes started by linmoo in E:\workspace\PAHM-Perfomance)
2020-11-10 15:01:30 [main] INFO  com.pingan.pahm.PahmApplication - No active profile set, falling back to default profiles: default
2020-11-10 15:01:31 [main] INFO  o.s.d.r.config.RepositoryConfigurationDelegate - Bootstrapping Spring Data JPA repositories in DEFERRED mode.
2020-11-10 15:01:31 [main] INFO  o.s.d.r.config.RepositoryConfigurationDelegate - Finished Spring Data repository scanning in 20ms. Found 0 JPA repository interfaces.
2020-11-10 15:01:32 [main] INFO  o.s.boot.web.embedded.tomcat.TomcatWebServer - Tomcat initialized with port(s): 9091 (http)
2020-11-10 15:01:32 [main] INFO  org.apache.coyote.http11.Http11NioProtocol - Initializing ProtocolHandler ["http-nio-9091"]
2020-11-10 15:01:32 [main] INFO  org.apache.catalina.core.StandardService - Starting service [Tomcat]
2020-11-10 15:01:32 [main] INFO  org.apache.catalina.core.StandardEngine - Starting Servlet engine: [Apache Tomcat/9.0.37]
2020-11-10 15:01:32 [main] INFO  o.a.c.core.ContainerBase.[Tomcat].[localhost].[/] - Initializing Spring embedded WebApplicationContext
2020-11-10 15:01:32 [main] INFO  o.s.b.w.s.c.ServletWebServerApplicationContext - Root WebApplicationContext: initialization completed in 1760 ms
2020-11-10 15:01:32 [main] INFO  o.s.scheduling.concurrent.ThreadPoolTaskExecutor - Initializing ExecutorService 'applicationTaskExecutor'
2020-11-10 15:01:33 [main] INFO  com.zaxxer.hikari.HikariDataSource - HikariPool-1 - Starting...
2020-11-10 15:01:33 [main] INFO  com.zaxxer.hikari.HikariDataSource - HikariPool-1 - Start completed.
2020-11-10 15:01:33 [task-1] INFO  org.hibernate.jpa.internal.util.LogHelper - HHH000204: Processing PersistenceUnitInfo [name: default]
2020-11-10 15:01:33 [task-1] INFO  org.hibernate.Version - HHH000412: Hibernate ORM core version 5.4.20.Final
2020-11-10 15:01:33 [task-1] INFO  org.hibernate.annotations.common.Version - HCANN000001: Hibernate Commons Annotations {5.1.0.Final}
2020-11-10 15:01:33 [main] WARN  o.s.b.a.o.j.JpaBaseConfiguration$JpaWebConfiguration - spring.jpa.open-in-view is enabled by default. Therefore, database queries may be performed during view rendering. Explicitly configure spring.jpa.open-in-view to disable this warning
2020-11-10 15:01:33 [task-1] INFO  org.hibernate.dialect.Dialect - HHH000400: Using dialect: org.hibernate.dialect.PostgreSQLDialect
2020-11-10 15:01:34 [main] INFO  s.d.s.w.PropertySourcedRequestMappingHandlerMapping - Mapped URL path [/v2/api-docs] onto method [springfox.documentation.swagger2.web.Swagger2Controller#getDocumentation(String, HttpServletRequest)]
2020-11-10 15:01:34 [task-1] INFO  o.h.e.t.jta.platform.internal.JtaPlatformInitiator - HHH000490: Using JtaPlatform implementation: [org.hibernate.engine.transaction.jta.platform.internal.NoJtaPlatform]
2020-11-10 15:01:34 [task-1] INFO  o.s.orm.jpa.LocalContainerEntityManagerFactoryBean - Initialized JPA EntityManagerFactory for persistence unit 'default'
2020-11-10 15:01:34 [main] INFO  org.apache.coyote.http11.Http11NioProtocol - Starting ProtocolHandler ["http-nio-9091"]
2020-11-10 15:01:34 [main] INFO  o.s.boot.web.embedded.tomcat.TomcatWebServer - Tomcat started on port(s): 9091 (http) with context path ''
2020-11-10 15:01:34 [main] INFO  s.d.s.web.plugins.DocumentationPluginsBootstrapper - Context refreshed
2020-11-10 15:01:34 [main] INFO  s.d.s.web.plugins.DocumentationPluginsBootstrapper - Found 1 custom documentation plugin(s)
2020-11-10 15:01:34 [main] INFO  s.d.spring.web.scanners.ApiListingReferenceScanner - Scanning for api listing references
2020-11-10 15:01:34 [main] INFO  o.s.d.r.c.DeferredRepositoryInitializationListener - Triggering deferred initialization of Spring Data repositories…
2020-11-10 15:01:34 [main] INFO  o.s.d.r.c.DeferredRepositoryInitializationListener - Spring Data repositories initialized!
2020-11-10 15:01:34 [main] INFO  com.pingan.pahm.PahmApplication - Started PahmApplication in 4.504 seconds (JVM running for 5.809)
2020-11-10 15:01:40 [http-nio-9091-exec-1] INFO  o.a.c.core.ContainerBase.[Tomcat].[localhost].[/] - Initializing Spring DispatcherServlet 'dispatcherServlet'
2020-11-10 15:01:40 [http-nio-9091-exec-1] INFO  org.springframework.web.servlet.DispatcherServlet - Initializing Servlet 'dispatcherServlet'
2020-11-10 15:01:40 [http-nio-9091-exec-1] INFO  org.springframework.web.servlet.DispatcherServlet - Completed initialization in 5 ms
2020-11-10 15:01:48 [http-nio-9091-exec-7] DEBUG com.pingan.pahm.dao.postgre.T_UserMapper.getTUser - ==>  Preparing: SELECT id,name,password,gender,birthday,create_time FROM t_user 
2020-11-10 15:01:48 [http-nio-9091-exec-7] DEBUG com.pingan.pahm.dao.postgre.T_UserMapper.getTUser - ==> Parameters: 
2020-11-10 15:01:48 [http-nio-9091-exec-7] DEBUG com.pingan.pahm.dao.postgre.T_UserMapper.getTUser - <==      Total: 1
2020-11-10 15:02:51 [http-nio-9091-exec-10] DEBUG com.pingan.pahm.dao.postgre.T_UserMapper.getTUser - ==>  Preparing: SELECT id,name,password,gender,birthday,create_time FROM t_user 
2020-11-10 15:02:51 [http-nio-9091-exec-10] DEBUG com.pingan.pahm.dao.postgre.T_UserMapper.getTUser - ==> Parameters: 
2020-11-10 15:02:51 [http-nio-9091-exec-10] DEBUG com.pingan.pahm.dao.postgre.T_UserMapper.getTUser - <==      Total: 1
2020-11-10 15:08:51 [SpringContextShutdownHook] INFO  o.s.orm.jpa.LocalContainerEntityManagerFactoryBean - Closing JPA EntityManagerFactory for persistence unit 'default'
2020-11-10 15:08:51 [SpringContextShutdownHook] INFO  o.s.scheduling.concurrent.ThreadPoolTaskExecutor - Shutting down ExecutorService 'applicationTaskExecutor'
2020-11-10 15:08:51 [SpringContextShutdownHook] INFO  com.zaxxer.hikari.HikariDataSource - HikariPool-1 - Shutdown initiated...
2020-11-10 15:08:51 [SpringContextShutdownHook] INFO  com.zaxxer.hikari.HikariDataSource - HikariPool-1 - Shutdown completed.
2020-11-10 15:08:55 [background-preinit] INFO  org.hibernate.validator.internal.util.Version - HV000001: Hibernate Validator 5.2.4.Final
2020-11-10 15:08:55 [main] INFO  com.pingan.pahm.PahmApplication - Starting PahmApplication on LAPTOP-S1HD2I46 with PID 12784 (E:\workspace\PAHM-Perfomance\target\classes started by linmoo in E:\workspace\PAHM-Perfomance)
2020-11-10 15:08:55 [main] INFO  com.pingan.pahm.PahmApplication - No active profile set, falling back to default profiles: default
2020-11-10 15:08:56 [main] INFO  o.s.d.r.config.RepositoryConfigurationDelegate - Bootstrapping Spring Data JPA repositories in DEFERRED mode.
2020-11-10 15:08:56 [main] INFO  o.s.d.r.config.RepositoryConfigurationDelegate - Finished Spring Data repository scanning in 11ms. Found 0 JPA repository interfaces.
2020-11-10 15:08:56 [main] INFO  o.s.boot.web.embedded.tomcat.TomcatWebServer - Tomcat initialized with port(s): 9091 (http)
2020-11-10 15:08:56 [main] INFO  org.apache.coyote.http11.Http11NioProtocol - Initializing ProtocolHandler ["http-nio-9091"]
2020-11-10 15:08:56 [main] INFO  org.apache.catalina.core.StandardService - Starting service [Tomcat]
2020-11-10 15:08:56 [main] INFO  org.apache.catalina.core.StandardEngine - Starting Servlet engine: [Apache Tomcat/9.0.37]
2020-11-10 15:08:57 [main] INFO  o.a.c.core.ContainerBase.[Tomcat].[localhost].[/] - Initializing Spring embedded WebApplicationContext
2020-11-10 15:08:57 [main] INFO  o.s.b.w.s.c.ServletWebServerApplicationContext - Root WebApplicationContext: initialization completed in 1484 ms
2020-11-10 15:08:57 [main] INFO  o.s.scheduling.concurrent.ThreadPoolTaskExecutor - Initializing ExecutorService 'applicationTaskExecutor'
2020-11-10 15:08:57 [main] INFO  com.zaxxer.hikari.HikariDataSource - HikariPool-1 - Starting...
2020-11-10 15:08:57 [main] INFO  com.zaxxer.hikari.HikariDataSource - HikariPool-1 - Start completed.
2020-11-10 15:08:57 [task-1] INFO  org.hibernate.jpa.internal.util.LogHelper - HHH000204: Processing PersistenceUnitInfo [name: default]
2020-11-10 15:08:57 [task-1] INFO  org.hibernate.Version - HHH000412: Hibernate ORM core version 5.4.20.Final
2020-11-10 15:08:57 [task-1] INFO  org.hibernate.annotations.common.Version - HCANN000001: Hibernate Commons Annotations {5.1.0.Final}
2020-11-10 15:08:57 [task-1] INFO  org.hibernate.dialect.Dialect - HHH000400: Using dialect: org.hibernate.dialect.PostgreSQLDialect
2020-11-10 15:08:57 [main] WARN  o.s.b.a.o.j.JpaBaseConfiguration$JpaWebConfiguration - spring.jpa.open-in-view is enabled by default. Therefore, database queries may be performed during view rendering. Explicitly configure spring.jpa.open-in-view to disable this warning
2020-11-10 15:08:57 [task-1] INFO  o.h.e.t.jta.platform.internal.JtaPlatformInitiator - HHH000490: Using JtaPlatform implementation: [org.hibernate.engine.transaction.jta.platform.internal.NoJtaPlatform]
2020-11-10 15:08:57 [task-1] INFO  o.s.orm.jpa.LocalContainerEntityManagerFactoryBean - Initialized JPA EntityManagerFactory for persistence unit 'default'
2020-11-10 15:08:57 [main] INFO  s.d.s.w.PropertySourcedRequestMappingHandlerMapping - Mapped URL path [/v2/api-docs] onto method [springfox.documentation.swagger2.web.Swagger2Controller#getDocumentation(String, HttpServletRequest)]
2020-11-10 15:08:58 [main] INFO  org.apache.coyote.http11.Http11NioProtocol - Starting ProtocolHandler ["http-nio-9091"]
2020-11-10 15:08:58 [main] INFO  o.s.boot.web.embedded.tomcat.TomcatWebServer - Tomcat started on port(s): 9091 (http) with context path ''
2020-11-10 15:08:58 [main] INFO  s.d.s.web.plugins.DocumentationPluginsBootstrapper - Context refreshed
2020-11-10 15:08:58 [main] INFO  s.d.s.web.plugins.DocumentationPluginsBootstrapper - Found 1 custom documentation plugin(s)
2020-11-10 15:08:58 [main] INFO  s.d.spring.web.scanners.ApiListingReferenceScanner - Scanning for api listing references
2020-11-10 15:08:58 [main] INFO  o.s.d.r.c.DeferredRepositoryInitializationListener - Triggering deferred initialization of Spring Data repositories…
2020-11-10 15:08:58 [main] INFO  o.s.d.r.c.DeferredRepositoryInitializationListener - Spring Data repositories initialized!
2020-11-10 15:08:58 [main] INFO  com.pingan.pahm.PahmApplication - Started PahmApplication in 3.166 seconds (JVM running for 4.218)
2020-11-10 15:09:08 [http-nio-9091-exec-1] INFO  o.a.c.core.ContainerBase.[Tomcat].[localhost].[/] - Initializing Spring DispatcherServlet 'dispatcherServlet'
2020-11-10 15:09:08 [http-nio-9091-exec-1] INFO  org.springframework.web.servlet.DispatcherServlet - Initializing Servlet 'dispatcherServlet'
2020-11-10 15:09:08 [http-nio-9091-exec-1] INFO  org.springframework.web.servlet.DispatcherServlet - Completed initialization in 5 ms
2020-11-10 15:09:08 [http-nio-9091-exec-1] DEBUG com.pingan.pahm.dao.postgre.T_UserMapper.getTUser - ==>  Preparing: SELECT id,name,password,gender,birthday,create_time FROM t_user 
2020-11-10 15:09:08 [http-nio-9091-exec-1] DEBUG com.pingan.pahm.dao.postgre.T_UserMapper.getTUser - ==> Parameters: 
2020-11-10 15:09:08 [http-nio-9091-exec-1] DEBUG com.pingan.pahm.dao.postgre.T_UserMapper.getTUser - <==      Total: 1
2020-11-10 15:09:11 [http-nio-9091-exec-4] DEBUG com.pingan.pahm.dao.postgre.T_UserMapper.getTUser - ==>  Preparing: SELECT id,name,password,gender,birthday,create_time FROM t_user 
2020-11-10 15:09:11 [http-nio-9091-exec-4] DEBUG com.pingan.pahm.dao.postgre.T_UserMapper.getTUser - ==> Parameters: 
2020-11-10 15:09:11 [http-nio-9091-exec-4] DEBUG com.pingan.pahm.dao.postgre.T_UserMapper.getTUser - <==      Total: 1
2020-11-10 21:22:47 [HikariPool-1 housekeeper] WARN  com.zaxxer.hikari.pool.HikariPool - HikariPool-1 - Thread starvation or clock leap detected (housekeeper delta=3h19m24s89ms643µs300ns).
